--- Summary of Last Image Crawl ---
Generated at: 2025-09-17 15:24:55 +0700
geekteesus.com: 24 New Images: 526
techteesusa.com: 0 New Images: 700
teeworksusa.com: 0 New Images: 700
meredpremium.com: 127 New Images: 700
orionshirt.com: 4 New Images: 269
berrylittles.com: 0 New Images: 58
dreameshirt.com: 18 New Images: 323
teeextra.com: 0 New Images: 475
eteeclothing.com: 0 New Images: 700
milkywayshirt.com: 0 New Images: 325
teespix.com: 0 New Images: 700
nowbestshirt.com: 0 New Images: 676
serenashirt.com: 0 New Images: 647
fanaticity.com: 0 New Images: 504
legendusashirt.com: 45 New Images: 700
teehandus.com: 100 New Images: 700
uscraftedtees.com: 0 New Images: 462
capitoneshirt.com: 5 New Images: 700
clickoneshirt.com: 0 New Images: 700
teleteeshirt.com: 0 New Images: 513
teeslocal.com: 200 New Images: 475
melonashirt.com: 0 New Images: 346
dalatshirt.com: 0 New Images: 638
lovingsquad.com: 0 New Images: 700
arjomany.com: 0 New Images: 334
designatshop.com: 91 New Images: 700
collectionpostertour.com: 0 New Images: 537
neoteeco.com: 13 New Images: 104
newshirtstore.com: 17 New Images: 700
Crawl duration: 16 min 11 seconds.